[11:36:19] [WARN] Crucible entry for Oak Sapling with meta 0 already exists, skipping.
[11:36:19] [WARN] Crucible entry for Spruce Sapling with meta 1 already exists, skipping.
[11:36:19] [WARN] Crucible entry for Birch Sapling with meta 2 already exists, skipping.
[11:36:19] [WARN] Crucible entry for Jungle Sapling with meta 3 already exists, skipping.
[11:36:19] [WARN] Crucible entry for Acacia Sapling with meta 4 already exists, skipping.
[11:36:19] [WARN] Crucible entry for Dark Oak Sapling with meta 5 already exists, skipping.
[11:36:20] [INFO] Enabled support for The One Probe
[11:36:28] [INFO] ModConfig Loaded: true
[11:36:28] [INFO] JEI: Compost Recipe Pages Loaded:         2
[11:36:28] [INFO] JEI: Fluid Item Transform Recipes Loaded:       23
[11:36:28] [INFO] JEI: Fluid On Top Recipes Loaded:       2
[11:36:28] [INFO] JEI: Fluid Transform Recipes Loaded:    1
[11:36:28] [INFO] JEI: Hammer Recipes Loaded:             41
[11:36:28] [INFO] JEI: Crook Recipes Loaded:              1
[11:36:28] [INFO] JEI: Heat Sources Loaded:             8
[11:36:28] [INFO] JEI: Sieve Recipes Loaded:              46
[11:36:28] [INFO] JEI: Stone Crucible Recipes Loaded:       1
[11:36:28] [INFO] JEI: Wood Crucible Recipes Loaded:        1
[11:36:28] [INFO] Registered Hammer Catalyst: exnihilocreatio:hammer_wood
[11:36:28] [INFO] Registered Hammer Catalyst: exnihilocreatio:hammer_stone
[11:36:28] [INFO] Registered Hammer Catalyst: exnihilocreatio:hammer_iron
[11:36:28] [INFO] Registered Hammer Catalyst: exnihilocreatio:hammer_diamond
[11:36:28] [INFO] Registered Hammer Catalyst: exnihilocreatio:hammer_gold
[11:36:28] [INFO] Registered Crook Catalyst: exnihilocreatio:crook_wood
[11:36:28] [INFO] Registered Crook Catalyst: exnihilocreatio:crook_stone
[11:36:28] [INFO] Registered Crook Catalyst: exnihilocreatio:crook_andesite
[11:36:28] [INFO] Registered Crook Catalyst: exnihilocreatio:crook_granite
[11:36:28] [INFO] Registered Crook Catalyst: exnihilocreatio:crook_diorite
[11:36:28] [INFO] Registered Crook Catalyst: exnihilocreatio:crook_gold
[11:36:28] [INFO] Registered Crook Catalyst: exnihilocreatio:crook_iron
[11:36:28] [INFO] Registered Crook Catalyst: exnihilocreatio:crook_diamond
[11:36:28] [INFO] Registered Crook Catalyst: exnihilocreatio:crook_bone
[11:36:28] [INFO] Registered Crook Catalyst: exnihilocreatio:crook_clay_uncooked
[11:36:28] [INFO] Registered Crook Catalyst: exnihilocreatio:crook_clay
[11:36:28] [INFO] Registered Crook Catalyst: exnihilocreatio:crook_prismarine
[11:36:28] [INFO] Registered Crook Catalyst: exnihilocreatio:crook_netherrack
[11:36:28] [INFO] Registered Crook Catalyst: exnihilocreatio:crook_purpur
[11:36:28] [INFO] Registered Crook Catalyst: exnihilocreatio:crook_blaze
