[13:02:32] [WARN] Crucible entry for Oak Sapling with meta 0 already exists, skipping.
[13:02:32] [WARN] Crucible entry for Spruce Sapling with meta 1 already exists, skipping.
[13:02:32] [WARN] Crucible entry for Birch Sapling with meta 2 already exists, skipping.
[13:02:32] [WARN] Crucible entry for Jungle Sapling with meta 3 already exists, skipping.
[13:02:32] [WARN] Crucible entry for Acacia Sapling with meta 4 already exists, skipping.
[13:02:32] [WARN] Crucible entry for Dark Oak Sapling with meta 5 already exists, skipping.
[13:02:34] [INFO] Enabled support for The One Probe
[13:02:43] [INFO] ModConfig Loaded: true
[13:02:43] [INFO] JEI: Compost Recipe Pages Loaded:         2
[13:02:43] [INFO] JEI: Fluid Item Transform Recipes Loaded:       23
[13:02:43] [INFO] JEI: Fluid On Top Recipes Loaded:       2
[13:02:43] [INFO] JEI: Fluid Transform Recipes Loaded:    1
[13:02:43] [INFO] JEI: Hammer Recipes Loaded:             41
[13:02:43] [INFO] JEI: Crook Recipes Loaded:              1
[13:02:43] [INFO] JEI: Heat Sources Loaded:             8
[13:02:43] [INFO] JEI: Sieve Recipes Loaded:              46
[13:02:43] [INFO] JEI: Stone Crucible Recipes Loaded:       1
[13:02:43] [INFO] JEI: Wood Crucible Recipes Loaded:        1
[13:02:43] [INFO] Registered Hammer Catalyst: exnihilocreatio:hammer_wood
[13:02:43] [INFO] Registered Hammer Catalyst: exnihilocreatio:hammer_stone
[13:02:43] [INFO] Registered Hammer Catalyst: exnihilocreatio:hammer_iron
[13:02:43] [INFO] Registered Hammer Catalyst: exnihilocreatio:hammer_diamond
[13:02:43] [INFO] Registered Hammer Catalyst: exnihilocreatio:hammer_gold
[13:02:43] [INFO] Registered Crook Catalyst: exnihilocreatio:crook_wood
[13:02:43] [INFO] Registered Crook Catalyst: exnihilocreatio:crook_stone
[13:02:43] [INFO] Registered Crook Catalyst: exnihilocreatio:crook_andesite
[13:02:43] [INFO] Registered Crook Catalyst: exnihilocreatio:crook_granite
[13:02:43] [INFO] Registered Crook Catalyst: exnihilocreatio:crook_diorite
[13:02:43] [INFO] Registered Crook Catalyst: exnihilocreatio:crook_gold
[13:02:43] [INFO] Registered Crook Catalyst: exnihilocreatio:crook_iron
[13:02:43] [INFO] Registered Crook Catalyst: exnihilocreatio:crook_diamond
[13:02:43] [INFO] Registered Crook Catalyst: exnihilocreatio:crook_bone
[13:02:43] [INFO] Registered Crook Catalyst: exnihilocreatio:crook_clay_uncooked
[13:02:43] [INFO] Registered Crook Catalyst: exnihilocreatio:crook_clay
[13:02:43] [INFO] Registered Crook Catalyst: exnihilocreatio:crook_prismarine
[13:02:43] [INFO] Registered Crook Catalyst: exnihilocreatio:crook_netherrack
[13:02:43] [INFO] Registered Crook Catalyst: exnihilocreatio:crook_purpur
[13:02:43] [INFO] Registered Crook Catalyst: exnihilocreatio:crook_blaze
