[21:39:17] [WARN] Crucible entry for Oak Sapling with meta 0 already exists, skipping.
[21:39:17] [WARN] Crucible entry for Spruce Sapling with meta 1 already exists, skipping.
[21:39:17] [WARN] Crucible entry for Birch Sapling with meta 2 already exists, skipping.
[21:39:17] [WARN] Crucible entry for Jungle Sapling with meta 3 already exists, skipping.
[21:39:17] [WARN] Crucible entry for Acacia Sapling with meta 4 already exists, skipping.
[21:39:17] [WARN] Crucible entry for Dark Oak Sapling with meta 5 already exists, skipping.
[21:39:18] [INFO] Enabled support for The One Probe
[21:39:26] [INFO] ModConfig Loaded: true
[21:39:26] [INFO] JEI: Compost Recipe Pages Loaded:         2
[21:39:26] [INFO] JEI: Fluid Item Transform Recipes Loaded:       23
[21:39:26] [INFO] JEI: Fluid On Top Recipes Loaded:       2
[21:39:27] [INFO] JEI: Fluid Transform Recipes Loaded:    1
[21:39:27] [INFO] JEI: Hammer Recipes Loaded:             41
[21:39:27] [INFO] JEI: Crook Recipes Loaded:              1
[21:39:27] [INFO] JEI: Heat Sources Loaded:             8
[21:39:27] [INFO] JEI: Sieve Recipes Loaded:              46
[21:39:27] [INFO] JEI: Stone Crucible Recipes Loaded:       1
[21:39:27] [INFO] JEI: Wood Crucible Recipes Loaded:        1
[21:39:27] [INFO] Registered Hammer Catalyst: exnihilocreatio:hammer_wood
[21:39:27] [INFO] Registered Hammer Catalyst: exnihilocreatio:hammer_stone
[21:39:27] [INFO] Registered Hammer Catalyst: exnihilocreatio:hammer_iron
[21:39:27] [INFO] Registered Hammer Catalyst: exnihilocreatio:hammer_diamond
[21:39:27] [INFO] Registered Hammer Catalyst: exnihilocreatio:hammer_gold
[21:39:27] [INFO] Registered Crook Catalyst: exnihilocreatio:crook_wood
[21:39:27] [INFO] Registered Crook Catalyst: exnihilocreatio:crook_stone
[21:39:27] [INFO] Registered Crook Catalyst: exnihilocreatio:crook_andesite
[21:39:27] [INFO] Registered Crook Catalyst: exnihilocreatio:crook_granite
[21:39:27] [INFO] Registered Crook Catalyst: exnihilocreatio:crook_diorite
[21:39:27] [INFO] Registered Crook Catalyst: exnihilocreatio:crook_gold
[21:39:27] [INFO] Registered Crook Catalyst: exnihilocreatio:crook_iron
[21:39:27] [INFO] Registered Crook Catalyst: exnihilocreatio:crook_diamond
[21:39:27] [INFO] Registered Crook Catalyst: exnihilocreatio:crook_bone
[21:39:27] [INFO] Registered Crook Catalyst: exnihilocreatio:crook_clay_uncooked
[21:39:27] [INFO] Registered Crook Catalyst: exnihilocreatio:crook_clay
[21:39:27] [INFO] Registered Crook Catalyst: exnihilocreatio:crook_prismarine
[21:39:27] [INFO] Registered Crook Catalyst: exnihilocreatio:crook_netherrack
[21:39:27] [INFO] Registered Crook Catalyst: exnihilocreatio:crook_purpur
[21:39:27] [INFO] Registered Crook Catalyst: exnihilocreatio:crook_blaze
